[    2346ms] [VERBOSE] [DOM] Input elements should have autocomplete attributes (suggested: "current-password"): (More info: https://goo.gl/9p2vKq) %o @ http://localhost:3000/:0
[    2466ms] [INFO] %cDownload the React DevTools for a better development experience: https://react.dev/link/react-devtools font-weight:bold @ http://localhost:3000/_next/static/chunks/node_modules_next_dist_1ybzpk2._.js:2477
[    2569ms] [LOG] [HMR] connected @ http://localhost:3000/_next/static/chunks/node_modules_next_dist_1ybzpk2._.js:2477
[   54860ms] [LOG] [Fast Refresh] rebuilding @ http://localhost:3000/_next/static/chunks/node_modules_next_dist_1ybzpk2._.js:2477
[   55493ms] [LOG] [Fast Refresh] done in 733ms @ http://localhost:3000/_next/static/chunks/node_modules_next_dist_1ybzpk2._.js:2477
[   55502ms] [ERROR] Failed to load resource: the server responded with a status of 500 (Internal Server Error) @ http://localhost:3000/api/auth/login:0
[   65137ms] [ERROR] Failed to load resource: the server responded with a status of 500 (Internal Server Error) @ http://localhost:3000/api/auth/login:0
[   85696ms] [ERROR] WebSocket connection to 'ws://localhost:3000/_next/webpack-hmr?id=a1N8MZXaUvkEPhR5h4L9K' failed:  @ http://localhost:3000/_next/static/chunks/node_modules_next_dist_client_0r5nbpw._.js:13422
[   86704ms] [ERROR] WebSocket connection to 'ws://localhost:3000/_next/webpack-hmr?id=a1N8MZXaUvkEPhR5h4L9K' failed: Error in connection establishment: net::ERR_CONNECTION_REFUSED @ http://localhost:3000/_next/static/chunks/node_modules_next_dist_client_0r5nbpw._.js:13422
[   87705ms] [ERROR] WebSocket connection to 'ws://localhost:3000/_next/webpack-hmr?id=a1N8MZXaUvkEPhR5h4L9K' failed: Error in connection establishment: net::ERR_CONNECTION_REFUSED @ http://localhost:3000/_next/static/chunks/node_modules_next_dist_client_0r5nbpw._.js:13422
[   88708ms] [ERROR] WebSocket connection to 'ws://localhost:3000/_next/webpack-hmr?id=a1N8MZXaUvkEPhR5h4L9K' failed: Error in connection establishment: net::ERR_CONNECTION_REFUSED @ http://localhost:3000/_next/static/chunks/node_modules_next_dist_client_0r5nbpw._.js:13422
[   89710ms] [ERROR] WebSocket connection to 'ws://localhost:3000/_next/webpack-hmr?id=a1N8MZXaUvkEPhR5h4L9K' failed: Error in connection establishment: net::ERR_CONNECTION_REFUSED @ http://localhost:3000/_next/static/chunks/node_modules_next_dist_client_0r5nbpw._.js:13422
[   90712ms] [ERROR] WebSocket connection to 'ws://localhost:3000/_next/webpack-hmr?id=a1N8MZXaUvkEPhR5h4L9K' failed: Error in connection establishment: net::ERR_CONNECTION_REFUSED @ http://localhost:3000/_next/static/chunks/node_modules_next_dist_client_0r5nbpw._.js:13422
[   95717ms] [ERROR] WebSocket connection to 'ws://localhost:3000/_next/webpack-hmr?id=a1N8MZXaUvkEPhR5h4L9K' failed: Error in connection establishment: net::ERR_CONNECTION_REFUSED @ http://localhost:3000/_next/static/chunks/node_modules_next_dist_client_0r5nbpw._.js:13422
[  100729ms] [ERROR] WebSocket connection to 'ws://localhost:3000/_next/webpack-hmr?id=a1N8MZXaUvkEPhR5h4L9K' failed: Error in connection establishment: net::ERR_CONNECTION_REFUSED @ http://localhost:3000/_next/static/chunks/node_modules_next_dist_client_0r5nbpw._.js:13422
[  105756ms] [ERROR] WebSocket connection to 'ws://localhost:3000/_next/webpack-hmr?id=a1N8MZXaUvkEPhR5h4L9K' failed: Error in connection establishment: net::ERR_CONNECTION_REFUSED @ http://localhost:3000/_next/static/chunks/node_modules_next_dist_client_0r5nbpw._.js:13422
[  110778ms] [ERROR] WebSocket connection to 'ws://localhost:3000/_next/webpack-hmr?id=a1N8MZXaUvkEPhR5h4L9K' failed: Error in connection establishment: net::ERR_CONNECTION_REFUSED @ http://localhost:3000/_next/static/chunks/node_modules_next_dist_client_0r5nbpw._.js:13422
[  115832ms] [ERROR] WebSocket connection to 'ws://localhost:3000/_next/webpack-hmr?id=a1N8MZXaUvkEPhR5h4L9K' failed: Error in connection establishment: net::ERR_CONNECTION_REFUSED @ http://localhost:3000/_next/static/chunks/node_modules_next_dist_client_0r5nbpw._.js:13422
[  120932ms] [ERROR] WebSocket connection to 'ws://localhost:3000/_next/webpack-hmr?id=a1N8MZXaUvkEPhR5h4L9K' failed: Error in connection establishment: net::ERR_CONNECTION_REFUSED @ http://localhost:3000/_next/static/chunks/node_modules_next_dist_client_0r5nbpw._.js:13422
[  126053ms] [ERROR] WebSocket connection to 'ws://localhost:3000/_next/webpack-hmr?id=a1N8MZXaUvkEPhR5h4L9K' failed: Error in connection establishment: net::ERR_CONNECTION_REFUSED @ http://localhost:3000/_next/static/chunks/node_modules_next_dist_client_0r5nbpw._.js:13422
